
> serialport@1.7.4 install C:\Users\user\Documents\GitHub\WindLab-3.0\node_modules\serialport
> node-pre-gyp install --fallback-to-build

Building the projects in this solution one at a time. To enable parallel build, please add the "/m" switch.
  serialport.cpp
  serialport_win.cpp
C:\Users\user\Documents\GitHub\WindLab-3.0\node_modules\serialport\node_modules\nan\nan.h(263): error C2995: 'v8::Local<T> _NanEnsureLocal(v8::Local<T>)': function template has already been defined (compiling source file ..\src\serialport.cpp) [C:\Users\user\Documents\GitHub\WindLab-3.0\node_modules\serialport\build\serialport.vcxproj]
  C:\Users\user\Documents\GitHub\WindLab-3.0\node_modules\serialport\node_modules\nan\nan.h(256): note: see declaration of '_NanEnsureLocal' (compiling source file ..\src\serialport.cpp)
C:\Users\user\Documents\GitHub\WindLab-3.0\node_modules\serialport\node_modules\nan\nan.h(661): error C3083: 'smalloc': the symbol to the left of a '::' must be a type (compiling source file ..\src\serialport.cpp) [C:\Users\user\Documents\GitHub\WindLab-3.0\node_modules\serialport\build\serialport.vcxproj]
C:\Users\user\Documents\GitHub\WindLab-3.0\node_modules\serialport\node_modules\nan\nan.h(661): error C2039: 'FreeCallback': is not a member of 'node' (compiling source file ..\src\serialport.cpp) [C:\Users\user\Documents\GitHub\WindLab-3.0\node_modules\serialport\build\serialport.vcxproj]
  C:\Users\user\.node-gyp\4.2.1\include\node\node_object_wrap.h(8): note: see declaration of 'node' (compiling source file ..\src\serialport.cpp)
C:\Users\user\Documents\GitHub\WindLab-3.0\node_modules\serialport\node_modules\nan\nan.h(661): error C2061: syntax error: identifier 'FreeCallback' (compiling source file ..\src\serialport.cpp) [C:\Users\user\Documents\GitHub\WindLab-3.0\node_modules\serialport\build\serialport.vcxproj]
C:\Users\user\Documents\GitHub\WindLab-3.0\node_modules\serialport\node_modules\nan\nan.h(665): error C2065: 'callback': undeclared identifier (compiling source file ..\src\serialport.cpp) [C:\Users\user\Documents\GitHub\WindLab-3.0\node_modules\serialport\build\serialport.vcxproj]
C:\Users\user\Documents\GitHub\WindLab-3.0\node_modules\serialport\node_modules\nan\nan.h(665): error C2065: 'hint': undeclared identifier (compiling source file ..\src\serialport.cpp) [C:\Users\user\Documents\GitHub\WindLab-3.0\node_modules\serialport\build\serialport.vcxproj]
C:\Users\user\Documents\GitHub\WindLab-3.0\node_modules\serialport\node_modules\nan\nan.h(672): error C2665: 'node::Buffer::New': none of the 4 overloads could convert all the argument types (compiling source file ..\src\serialport.cpp) [C:\Users\user\Documents\GitHub\WindLab-3.0\node_modules\serialport\build\serialport.vcxproj]
  C:\Users\user\.node-gyp\4.2.1\include\node\node_buffer.h(43): note: could be 'v8::MaybeLocal<v8::Object> node::Buffer::New(v8::Isolate *,char *,size_t)' (compiling source file ..\src\serialport.cpp)
  C:\Users\user\.node-gyp\4.2.1\include\node\node_buffer.h(31): note: or       'v8::MaybeLocal<v8::Object> node::Buffer::New(v8::Isolate *,v8::Local<v8::String>,node::encoding)' (compiling source file ..\src\serialport.cpp)
  C:\Users\user\Documents\GitHub\WindLab-3.0\node_modules\serialport\node_modules\nan\nan.h(672): note: while trying to match the argument list '(v8::Isolate *, const char *, uint32_t)' (compiling source file ..\src\serialport.cpp)
C:\Users\user\Documents\GitHub\WindLab-3.0\node_modules\serialport\node_modules\nan\nan.h(676): error C2440: 'return': cannot convert from 'v8::MaybeLocal<v8::Object>' to 'v8::Local<v8::Object>' (compiling source file ..\src\serialport.cpp) [C:\Users\user\Documents\GitHub\WindLab-3.0\node_modules\serialport\build\serialport.vcxproj]
  C:\Users\user\Documents\GitHub\WindLab-3.0\node_modules\serialport\node_modules\nan\nan.h(676): note: No constructor could take the source type, or constructor overload resolution was ambiguous (compiling source file ..\src\serialport.cpp)
C:\Users\user\Documents\GitHub\WindLab-3.0\node_modules\serialport\node_modules\nan\nan.h(683): error C2039: 'Use': is not a member of 'node::Buffer' (compiling source file ..\src\serialport.cpp) [C:\Users\user\Documents\GitHub\WindLab-3.0\node_modules\serialport\build\serialport.vcxproj]
  C:\Users\user\.node-gyp\4.2.1\include\node\node_buffer.h(8): note: see declaration of 'node::Buffer' (compiling source file ..\src\serialport.cpp)
C:\Users\user\Documents\GitHub\WindLab-3.0\node_modules\serialport\node_modules\nan\nan.h(263): error C2995: 'v8::Local<T> _NanEnsureLocal(v8::Local<T>)': function template has already been defined (compiling source file ..\src\serialport_win.cpp)C:\Users\user\Documents\GitHub\WindLab-3.0\node_modules\serialport\node_modules\nan\nan.h(683): error C3861: 'Use': identifier not found (compiling source file ..\src\serialport.cpp) [C:\Users\user\Documents\GitHub\WindLab-3.0\node_modules\serialport\build\serialport.vcxproj]
  
  C:\Users\user\Documents\GitHub\WindLab-3.0\node_modules\serialport\node_modules\nan\nan.h(256): note: see declaration of '_NanEnsureLocal' (compiling source file ..\src\serialport_win.cpp)
C:\Users\user\Documents\GitHub\WindLab-3.0\node_modules\serialport\node_modules\nan\nan.h(661): error C3083: 'smalloc': the symbol to the left of a '::' must be a type (compiling source file ..\src\serialport_win.cpp) [C:\Users\user\Documents\GitHub\WindLab-3.0\node_modules\serialport\build\serialport.vcxproj]
C:\Users\user\Documents\GitHub\WindLab-3.0\node_modules\serialport\node_modules\nan\nan.h(661): error C2039: 'FreeCallback': is not a member of 'node' (compiling source file ..\src\serialport_win.cpp) [C:\Users\user\Documents\GitHub\WindLab-3.0\node_modules\serialport\build\serialport.vcxproj]
  C:\Users\user\.node-gyp\4.2.1\include\node\node_object_wrap.h(8): note: see declaration of 'node' (compiling source file ..\src\serialport_win.cpp)
C:\Users\user\Documents\GitHub\WindLab-3.0\node_modules\serialport\node_modules\nan\nan.h(661): error C2061: syntax error: identifier 'FreeCallback' (compiling source file ..\src\serialport_win.cpp) [C:\Users\user\Documents\GitHub\WindLab-3.0\node_modules\serialport\build\serialport.vcxproj]
C:\Users\user\Documents\GitHub\WindLab-3.0\node_modules\serialport\node_modules\nan\nan.h(665): error C2065: 'callback': undeclared identifier (compiling source file ..\src\serialport_win.cpp) [C:\Users\user\Documents\GitHub\WindLab-3.0\node_modules\serialport\build\serialport.vcxproj]
C:\Users\user\Documents\GitHub\WindLab-3.0\node_modules\serialport\node_modules\nan\nan.h(665): error C2065: 'hint': undeclared identifier (compiling source file ..\src\serialport_win.cpp) [C:\Users\user\Documents\GitHub\WindLab-3.0\node_modules\serialport\build\serialport.vcxproj]
C:\Users\user\Documents\GitHub\WindLab-3.0\node_modules\serialport\node_modules\nan\nan.h(672): error C2665: 'node::Buffer::New': none of the 4 overloads could convert all the argument types (compiling source file ..\src\serialport_win.cpp) [C:\Users\user\Documents\GitHub\WindLab-3.0\node_modules\serialport\build\serialport.vcxproj]
  C:\Users\user\.node-gyp\4.2.1\include\node\node_buffer.h(43): note: could be 'v8::MaybeLocal<v8::Object> node::Buffer::New(v8::Isolate *,char *,size_t)' (compiling source file ..\src\serialport_win.cpp)
  C:\Users\user\.node-gyp\4.2.1\include\node\node_buffer.h(31): note: or       'v8::MaybeLocal<v8::Object> node::Buffer::New(v8::Isolate *,v8::Local<v8::String>,node::encoding)' (compiling source file ..\src\serialport_win.cpp)
  C:\Users\user\Documents\GitHub\WindLab-3.0\node_modules\serialport\node_modules\nan\nan.h(672): note: while trying to match the argument list '(v8::Isolate *, const char *, uint32_t)' (compiling source file ..\src\serialport_win.cpp)
C:\Users\user\Documents\GitHub\WindLab-3.0\node_modules\serialport\node_modules\nan\nan.h(676): error C2440: 'return': cannot convert from 'v8::MaybeLocal<v8::Object>' to 'v8::Local<v8::Object>' (compiling source file ..\src\serialport_win.cpp) [C:\Users\user\Documents\GitHub\WindLab-3.0\node_modules\serialport\build\serialport.vcxproj]
  C:\Users\user\Documents\GitHub\WindLab-3.0\node_modules\serialport\node_modules\nan\nan.h(676): note: No constructor could take the source type, or constructor overload resolution was ambiguous (compiling source file ..\src\serialport_win.cpp)
C:\Users\user\Documents\GitHub\WindLab-3.0\node_modules\serialport\node_modules\nan\nan.h(683): error C2039: 'Use': is not a member of 'node::Buffer' (compiling source file ..\src\serialport_win.cpp) [C:\Users\user\Documents\GitHub\WindLab-3.0\node_modules\serialport\build\serialport.vcxproj]
  C:\Users\user\.node-gyp\4.2.1\include\node\node_buffer.h(8): note: see declaration of 'node::Buffer' (compiling source file ..\src\serialport_win.cpp)
C:\Users\user\Documents\GitHub\WindLab-3.0\node_modules\serialport\node_modules\nan\nan.h(683): error C3861: 'Use': identifier not found (compiling source file ..\src\serialport_win.cpp) [C:\Users\user\Documents\GitHub\WindLab-3.0\node_modules\serialport\build\serialport.vcxproj]
  enumser.cpp
..\src\serialport_win.cpp(152): warning C4311: 'type cast': pointer truncation from 'HANDLE' to 'int' [C:\Users\user\Documents\GitHub\WindLab-3.0\node_modules\serialport\build\serialport.vcxproj]
..\src\serialport_win.cpp(152): warning C4302: 'type cast': truncation from 'HANDLE' to 'int' [C:\Users\user\Documents\GitHub\WindLab-3.0\node_modules\serialport\build\serialport.vcxproj]
..\src\serialport_win.cpp(177): warning C4312: 'type cast': conversion from 'int' to 'HANDLE' of greater size [C:\Users\user\Documents\GitHub\WindLab-3.0\node_modules\serialport\build\serialport.vcxproj]
..\src\serialport_win.cpp(179): warning C4312: 'type cast': conversion from 'int' to 'HANDLE' of greater size [C:\Users\user\Documents\GitHub\WindLab-3.0\node_modules\serialport\build\serialport.vcxproj]
..\src\serialport_win.cpp(183): warning C4312: 'type cast': conversion from 'int' to 'HANDLE' of greater size [C:\Users\user\Documents\GitHub\WindLab-3.0\node_modules\serialport\build\serialport.vcxproj]
..\src\serialport_win.cpp(185): warning C4312: 'type cast': conversion from 'int' to 'HANDLE' of greater size [C:\Users\user\Documents\GitHub\WindLab-3.0\node_modules\serialport\build\serialport.vcxproj]
..\src\serialport_win.cpp(189): warning C4312: 'type cast': conversion from 'int' to 'HANDLE' of greater size [C:\Users\user\Documents\GitHub\WindLab-3.0\node_modules\serialport\build\serialport.vcxproj]
..\src\serialport_win.cpp(191): warning C4312: 'type cast': conversion from 'int' to 'HANDLE' of greater size [C:\Users\user\Documents\GitHub\WindLab-3.0\node_modules\serialport\build\serialport.vcxproj]
..\src\serialport_win.cpp(196): warning C4312: 'type cast': conversion from 'int' to 'HANDLE' of greater size [C:\Users\user\Documents\GitHub\WindLab-3.0\node_modules\serialport\build\serialport.vcxproj]
..\src\serialport_win.cpp(208): warning C4312: 'type cast': conversion from 'int' to 'HANDLE' of greater size [C:\Users\user\Documents\GitHub\WindLab-3.0\node_modules\serialport\build\serialport.vcxproj]
..\src\serialport_win.cpp(308): warning C4311: 'type cast': pointer truncation from 'HANDLE' to 'int' [C:\Users\user\Documents\GitHub\WindLab-3.0\node_modules\serialport\build\serialport.vcxproj]
..\src\serialport_win.cpp(308): warning C4302: 'type cast': truncation from 'HANDLE' to 'int' [C:\Users\user\Documents\GitHub\WindLab-3.0\node_modules\serialport\build\serialport.vcxproj]
..\src\serialport_win.cpp(318): warning C4311: 'type cast': pointer truncation from 'HANDLE' to 'int' [C:\Users\user\Documents\GitHub\WindLab-3.0\node_modules\serialport\build\serialport.vcxproj]
..\src\serialport_win.cpp(318): warning C4302: 'type cast': truncation from 'HANDLE' to 'int' [C:\Users\user\Documents\GitHub\WindLab-3.0\node_modules\serialport\build\serialport.vcxproj]
..\src\serialport_win.cpp(328): warning C4312: 'type cast': conversion from 'int' to 'HANDLE' of greater size [C:\Users\user\Documents\GitHub\WindLab-3.0\node_modules\serialport\build\serialport.vcxproj]
..\src\serialport_win.cpp(353): warning C4312: 'type cast': conversion from 'int' to 'HANDLE' of greater size [C:\Users\user\Documents\GitHub\WindLab-3.0\node_modules\serialport\build\serialport.vcxproj]
..\src\serialport_win.cpp(366): warning C4312: 'type cast': conversion from 'int' to 'HANDLE' of greater size [C:\Users\user\Documents\GitHub\WindLab-3.0\node_modules\serialport\build\serialport.vcxproj]
..\src\serialport_win.cpp(401): warning C4312: 'type cast': conversion from 'int' to 'HANDLE' of greater size [C:\Users\user\Documents\GitHub\WindLab-3.0\node_modules\serialport\build\serialport.vcxproj]
..\src\serialport_win.cpp(403): warning C4312: 'type cast': conversion from 'int' to 'HANDLE' of greater size [C:\Users\user\Documents\GitHub\WindLab-3.0\node_modules\serialport\build\serialport.vcxproj]
..\src\serialport_win.cpp(502): warning C4312: 'type cast': conversion from 'int' to 'HANDLE' of greater size [C:\Users\user\Documents\GitHub\WindLab-3.0\node_modules\serialport\build\serialport.vcxproj]
..\src\serialport_win.cpp(511): warning C4312: 'type cast': conversion from 'int' to 'HANDLE' of greater size [C:\Users\user\Documents\GitHub\WindLab-3.0\node_modules\serialport\build\serialport.vcxproj]
..\src\win\enumser.cpp(443): warning C4996: 'GetVersionExA': was declared deprecated [C:\Users\user\Documents\GitHub\WindLab-3.0\node_modules\serialport\build\serialport.vcxproj]
  C:\Program Files (x86)\Windows Kits\8.1\Include\um\sysinfoapi.h(433): note: see declaration of 'GetVersionExA'
c:\users\user\documents\github\windlab-3.0\node_modules\serialport\src\win\stdstring.h(2123): warning C4311: 'reinterpret_cast': pointer truncation from 'const void *' to 'unsigned long' (compiling source file ..\src\win\enumser.cpp) [C:\Users\user\Documents\GitHub\WindLab-3.0\node_modules\serialport\build\serialport.vcxproj]
  c:\users\user\documents\github\windlab-3.0\node_modules\serialport\src\win\stdstring.h(2117): note: while compiling class template member function 'bool CStdStr<wchar_t>::TryLoad(const void *)' (compiling source file ..\src\win\enumser.cpp)
  c:\users\user\documents\github\windlab-3.0\node_modules\serialport\src\win\stdstring.h(2171): note: see reference to function template instantiation 'bool CStdStr<wchar_t>::TryLoad(const void *)' being compiled (compiling source file ..\src\win\enumser.cpp)
  c:\users\user\documents\github\windlab-3.0\node_modules\serialport\src\win\stdstring.h(3982): note: see reference to class template instantiation 'CStdStr<wchar_t>' being compiled (compiling source file ..\src\win\enumser.cpp)
c:\users\user\documents\github\windlab-3.0\node_modules\serialport\src\win\stdstring.h(2123): warning C4302: 'reinterpret_cast': truncation from 'const void *' to 'unsigned long' (compiling source file ..\src\win\enumser.cpp) [C:\Users\user\Documents\GitHub\WindLab-3.0\node_modules\serialport\build\serialport.vcxproj]
c:\users\user\documents\github\windlab-3.0\node_modules\serialport\src\win\stdstring.h(2126): warning C4311: 'reinterpret_cast': pointer truncation from 'const void *' to 'unsigned long' (compiling source file ..\src\win\enumser.cpp) [C:\Users\user\Documents\GitHub\WindLab-3.0\node_modules\serialport\build\serialport.vcxproj]
c:\users\user\documents\github\windlab-3.0\node_modules\serialport\src\win\stdstring.h(2126): warning C4302: 'reinterpret_cast': truncation from 'const void *' to 'unsigned long' (compiling source file ..\src\win\enumser.cpp) [C:\Users\user\Documents\GitHub\WindLab-3.0\node_modules\serialport\build\serialport.vcxproj]
Failed to execute 'C:\Program Files\nodejs\node.exe C:\Users\user\Documents\GitHub\WindLab-3.0\node_modules\node-gyp\bin\node-gyp.js build --fallback-to-build --module=C:\Users\user\Documents\GitHub\WindLab-3.0\node_modules\serialport\build\serialport\v1.7.4\Release\node-v46-win32-x64\serialport.node --module_name=serialport --module_path=C:\Users\user\Documents\GitHub\WindLab-3.0\node_modules\serialport\build\serialport\v1.7.4\Release\node-v46-win32-x64' (1)
